Using pre-set license
Built from '2020.3/staging' branch; Version is '2020.3.18f1 (a7d1c678663c) revision 10998214'; Using compiler version '192528614'; Build Type 'Release'
OS: 'Windows 10 Education; OS build 19043.1526; Version 2009; 64bit' Language: 'en' Physical Memory: 32682 MB
BatchMode: 1, IsHumanControllingUs: 0, StartBugReporterOnCrash: 0, Is64bit: 1, IsPro: 0

COMMAND LINE ARGUMENTS:
C:\Program Files\Unity\Hub\Editor\2020.3.18f1\Editor\Unity.exe
-adb2
-batchMode
-noUpm
-name
AssetImportWorker0
-projectPath
C:/GitHub/derome/MRKT Tutorials (1)
-logFile
Logs/AssetImportWorker0.log
-srvPort
54659
Successfully changed project path to: C:/GitHub/derome/MRKT Tutorials (1)
C:/GitHub/derome/MRKT Tutorials (1)
Using Asset Import Pipeline V2.
Refreshing native plugins compatible for Editor in 110.66 ms, found 10 plugins.
Preloading 0 native plugins for Editor in 0.00 ms.
Initialize engine version: 2020.3.18f1 (a7d1c678663c)
[Subsystems] Discovering subsystems at path C:/Program Files/Unity/Hub/Editor/2020.3.18f1/Editor/Data/Resources/UnitySubsystems
[Subsystems] Discovering subsystems at path C:/GitHub/derome/MRKT Tutorials (1)/Assets
GfxDevice: creating device client; threaded=0
Direct3D:
    Version:  Direct3D 11.0 [level 11.1]
    Renderer: NVIDIA GeForce GTX 1050 Ti (ID=0x1c82)
    Vendor:   
    VRAM:     4018 MB
    Driver:   30.0.15.1179
Initialize mono
Mono path[0] = 'C:/Program Files/Unity/Hub/Editor/2020.3.18f1/Editor/Data/Managed'
Mono path[1] = 'C:/Program Files/Unity/Hub/Editor/2020.3.18f1/Editor/Data/MonoBleedingEdge/lib/mono/unityjit'
Mono config path = 'C:/Program Files/Unity/Hub/Editor/2020.3.18f1/Editor/Data/MonoBleedingEdge/etc'
Using monoOptions --debugger-agent=transport=dt_socket,embedding=1,server=y,suspend=n,address=127.0.0.1:56292
Begin MonoManager ReloadAssembly
Registering precompiled unity dll's ...
Register platform support module: C:/Program Files/Unity/Hub/Editor/2020.3.18f1/Editor/Data/PlaybackEngines/WebGLSupport/UnityEditor.WebGL.Extensions.dll
Register platform support module: C:/Program Files/Unity/Hub/Editor/2020.3.18f1/Editor/Data/PlaybackEngines/WindowsStandaloneSupport/UnityEditor.WindowsStandalone.Extensions.dll
Registered in 0.002015 seconds.
Native extension for WindowsStandalone target not found
Native extension for WebGL target not found
Refreshing native plugins compatible for Editor in 80.69 ms, found 10 plugins.
Preloading 0 native plugins for Editor in 0.00 ms.
Mono: successfully reloaded assembly
- Completed reload, in  1.747 seconds
Domain Reload Profiling:
	ReloadAssembly (1747ms)
		BeginReloadAssembly (205ms)
			ExecutionOrderSort (0ms)
			DisableScriptedObjects (0ms)
			BackupInstance (0ms)
			ReleaseScriptingObjects (0ms)
			CreateAndSetChildDomain (1ms)
		EndReloadAssembly (474ms)
			LoadAssemblies (203ms)
			RebuildTransferFunctionScriptingTraits (0ms)
			SetupTypeCache (153ms)
			ReleaseScriptCaches (0ms)
			RebuildScriptCaches (30ms)
			SetupLoadedEditorAssemblies (216ms)
				LogAssemblyErrors (0ms)
				InitializePlatformSupportModulesInManaged (5ms)
				SetLoadedEditorAssemblies (0ms)
				RefreshPlugins (81ms)
				BeforeProcessingInitializeOnLoad (17ms)
				ProcessInitializeOnLoadAttributes (85ms)
				ProcessInitializeOnLoadMethodAttributes (29ms)
				AfterProcessingInitializeOnLoad (0ms)
				EditorAssembliesLoaded (0ms)
			ExecutionOrderSort2 (0ms)
			AwakeInstancesAfterBackupRestoration (0ms)
Platform modules already initialized, skipping
Registering precompiled user dll's ...
Registered in 0.008651 seconds.
Begin MonoManager ReloadAssembly
Symbol file data-000001C0C1E9F070 doesn't match image C:\GitHub\derome\MRKT Tutorials (1)\Library\ScriptAssemblies\Microsoft.MixedReality.Toolkit.Providers.XRSDK.Oculus.dll
Symbol file LoadedFromMemory is not a mono symbol file
Symbol file data-000001C27C0B6010 doesn't match image C:\GitHub\derome\MRKT Tutorials (1)\Library\ScriptAssemblies\Microsoft.MixedReality.Toolkit.Services.InputSystem.dll
Symbol file LoadedFromMemory is not a mono symbol file
Symbol file data-000001C27C1D3220 doesn't match image C:\GitHub\derome\MRKT Tutorials (1)\Library\ScriptAssemblies\Microsoft.MixedReality.Toolkit.SDK.Editor.dll
Symbol file LoadedFromMemory is not a mono symbol file
Symbol file data-000001C0C13F40A0 doesn't match image C:\GitHub\derome\MRKT Tutorials (1)\Library\ScriptAssemblies\Microsoft.MixedReality.Toolkit.Providers.XRSDK.WindowsMixedReality.dll
Symbol file LoadedFromMemory is not a mono symbol file
Symbol file data-000001C0C1A5B080 doesn't match image C:\GitHub\derome\MRKT Tutorials (1)\Library\ScriptAssemblies\Microsoft.MixedReality.Toolkit.Gltf.dll
Symbol file LoadedFromMemory is not a mono symbol file
Symbol file data-000001C0C1F83020 doesn't match image C:\GitHub\derome\MRKT Tutorials (1)\Library\ScriptAssemblies\Microsoft.MixedReality.Toolkit.Services.InputAnimation.dll
Symbol file LoadedFromMemory is not a mono symbol file
Symbol file data-000001C0C1955370 doesn't match image C:\GitHub\derome\MRKT Tutorials (1)\Library\ScriptAssemblies\Microsoft.MixedReality.Toolkit.Services.TeleportSystem.dll
Symbol file LoadedFromMemory is not a mono symbol file
Symbol file data-000001C0C13F40A0 doesn't match image C:\GitHub\derome\MRKT Tutorials (1)\Library\ScriptAssemblies\Microsoft.MixedReality.OpenXR.Editor.dll
Symbol file LoadedFromMemory is not a mono symbol file
Symbol file data-000001C0C07E0060 doesn't match image C:\GitHub\derome\MRKT Tutorials (1)\Library\ScriptAssemblies\Microsoft.MixedReality.Toolkit.dll
Symbol file LoadedFromMemory is not a mono symbol file
Symbol file data-000001C27C176380 doesn't match image C:\GitHub\derome\MRKT Tutorials (1)\Library\ScriptAssemblies\Microsoft.MixedReality.Toolkit.Services.InputSystem.Editor.dll
Symbol file LoadedFromMemory is not a mono symbol file
Symbol file data-000001C0C07B7240 doesn't match image C:\GitHub\derome\MRKT Tutorials (1)\Library\ScriptAssemblies\Microsoft.MixedReality.Toolkit.Services.SceneSystem.dll
Symbol file LoadedFromMemory is not a mono symbol file
Symbol file data-000001C0C13FA620 doesn't match image C:\GitHub\derome\MRKT Tutorials (1)\Library\ScriptAssemblies\Microsoft.MixedReality.Toolkit.Providers.XRSDK.Oculus.Handtracking.Editor.dll
Symbol file LoadedFromMemory is not a mono symbol file
Symbol file data-000001C0C09C7070 doesn't match image C:\GitHub\derome\MRKT Tutorials (1)\Library\ScriptAssemblies\Microsoft.MixedReality.Toolkit.SDK.Experimental.Editor.Interactive.dll
Symbol file LoadedFromMemory is not a mono symbol file
Symbol file data-000001C27BD8ABC0 doesn't match image C:\GitHub\derome\MRKT Tutorials (1)\Library\ScriptAssemblies\Microsoft.MixedReality.Toolkit.Providers.WindowsSceneUnderstanding.Editor.dll
Symbol file LoadedFromMemory is not a mono symbol file
Symbol file data-000001C276CA05A0 doesn't match image C:\GitHub\derome\MRKT Tutorials (1)\Library\ScriptAssemblies\Microsoft.MixedReality.Toolkit.Providers.LeapMotion.Editor.dll
Symbol file LoadedFromMemory is not a mono symbol file
Symbol file data-000001C27C702DD0 doesn't match image C:\GitHub\derome\MRKT Tutorials (1)\Library\ScriptAssemblies\Microsoft.MixedReality.Toolkit.Editor.Utilities.dll
Symbol file LoadedFromMemory is not a mono symbol file
Symbol file data-000001C27C09C810 doesn't match image C:\GitHub\derome\MRKT Tutorials (1)\Library\ScriptAssemblies\Microsoft.MixedReality.Toolkit.Services.InputSimulation.dll
Symbol file LoadedFromMemory is not a mono symbol file
Symbol file data-000001C0C0BD7310 doesn't match image C:\GitHub\derome\MRKT Tutorials (1)\Library\ScriptAssemblies\Microsoft.MixedReality.Toolkit.Providers.WindowsSceneUnderstanding.dll
Symbol file LoadedFromMemory is not a mono symbol file
Symbol file data-000001C0C0AC3020 doesn't match image C:\GitHub\derome\MRKT Tutorials (1)\Library\ScriptAssemblies\Microsoft.MixedReality.Toolkit.Editor.Inspectors.dll
Symbol file LoadedFromMemory is not a mono symbol file
Symbol file data-000001C0C09AEAB0 doesn't match image C:\GitHub\derome\MRKT Tutorials (1)\Library\ScriptAssemblies\Microsoft.MixedReality.Toolkit.SDK.Experimental.Interactive.dll
Symbol file LoadedFromMemory is not a mono symbol file
Symbol file data-000001C27BEF3690 doesn't match image C:\GitHub\derome\MRKT Tutorials (1)\Library\ScriptAssemblies\Microsoft.MixedReality.Toolkit.Providers.LeapMotion.dll
Symbol file LoadedFromMemory is not a mono symbol file
Symbol file data-000001C0C18A7200 doesn't match image C:\GitHub\derome\MRKT Tutorials (1)\Library\ScriptAssemblies\Microsoft.MixedReality.Toolkit.Providers.WindowsMixedReality.Shared.dll
Symbol file LoadedFromMemory is not a mono symbol file
Symbol file data-000001C0C1318010 doesn't match image C:\GitHub\derome\MRKT Tutorials (1)\Library\ScriptAssemblies\Microsoft.MixedReality.Toolkit.SDK.dll
Symbol file LoadedFromMemory is not a mono symbol file
Symbol file data-000001C27C0A3A30 doesn't match image C:\GitHub\derome\MRKT Tutorials (1)\Library\ScriptAssemblies\Microsoft.MixedReality.Toolkit.Services.SpatialAwarenessSystem.dll
Symbol file LoadedFromMemory is not a mono symbol file
Symbol file data-000001C0C18A7200 doesn't match image C:\GitHub\derome\MRKT Tutorials (1)\Library\ScriptAssemblies\Microsoft.MixedReality.Toolkit.Providers.WindowsVoiceInput.dll
Symbol file LoadedFromMemory is not a mono symbol file
Symbol file data-000001C27BB1A590 doesn't match image C:\GitHub\derome\MRKT Tutorials (1)\Library\ScriptAssemblies\Microsoft.MixedReality.Toolkit.Services.CameraSystem.dll
Symbol file LoadedFromMemory is not a mono symbol file
Symbol file data-000001C27C44A020 doesn't match image C:\GitHub\derome\MRKT Tutorials (1)\Library\ScriptAssemblies\Microsoft.MixedReality.Toolkit.Providers.OpenXR.dll
Symbol file LoadedFromMemory is not a mono symbol file
Symbol file data-000001C0C1304A50 doesn't match image C:\GitHub\derome\MRKT Tutorials (1)\Library\ScriptAssemblies\Microsoft.MixedReality.Toolkit.Services.InputSimulation.Editor.dll
Symbol file LoadedFromMemory is not a mono symbol file
Symbol file data-000001C0C1351E00 doesn't match image C:\GitHub\derome\MRKT Tutorials (1)\Library\ScriptAssemblies\Microsoft.MixedReality.Toolkit.Editor.BuildAndDeploy.dll
Symbol file LoadedFromMemory is not a mono symbol file
Symbol file data-000001C27C269A70 doesn't match image C:\GitHub\derome\MRKT Tutorials (1)\Library\ScriptAssemblies\Microsoft.MixedReality.OpenXR.dll
Symbol file LoadedFromMemory is not a mono symbol file
Symbol file data-000001C27C5D2A00 doesn't match image C:\GitHub\derome\MRKT Tutorials (1)\Library\ScriptAssemblies\Microsoft.MixedReality.Toolkit.Providers.XRSDK.dll
Symbol file LoadedFromMemory is not a mono symbol file
Symbol file data-000001C0C18A7200 doesn't match image C:\GitHub\derome\MRKT Tutorials (1)\Library\ScriptAssemblies\Microsoft.MixedReality.Toolkit.Providers.ObjectMeshObserver.dll
Symbol file LoadedFromMemory is not a mono symbol file
Symbol file data-000001C0C1F30850 doesn't match image C:\GitHub\derome\MRKT Tutorials (1)\Library\ScriptAssemblies\Microsoft.MixedReality.Toolkit.Providers.WindowsMixedReality.Editor.dll
Symbol file LoadedFromMemory is not a mono symbol file
Symbol file data-000001C0C1C1E050 doesn't match image C:\GitHub\derome\MRKT Tutorials (1)\Library\ScriptAssemblies\Microsoft.MixedReality.Toolkit.Editor.ClassExtensions.dll
Symbol file LoadedFromMemory is not a mono symbol file
Symbol file data-000001C0C1305A60 doesn't match image C:\GitHub\derome\MRKT Tutorials (1)\Library\ScriptAssemblies\Microsoft.MixedReality.Toolkit.Providers.UnityAR.dll
Symbol file LoadedFromMemory is not a mono symbol file
Symbol file data-000001C0C1F28090 doesn't match image C:\GitHub\derome\MRKT Tutorials (1)\Library\ScriptAssemblies\Microsoft.MixedReality.Toolkit.Providers.UnityAR.Editor.dll
Symbol file LoadedFromMemory is not a mono symbol file
Symbol file data-000001C27BDC1020 doesn't match image C:\GitHub\derome\MRKT Tutorials (1)\Library\ScriptAssemblies\MRTK.OpenXR.Editor.dll
Symbol file LoadedFromMemory is not a mono symbol file
Symbol file data-000001C27C5D2A00 doesn't match image C:\GitHub\derome\MRKT Tutorials (1)\Library\ScriptAssemblies\Microsoft.MixedReality.Toolkit.Services.DiagnosticsSystem.dll
Symbol file LoadedFromMemory is not a mono symbol file
Symbol file data-000001C27BF28CF0 doesn't match image C:\GitHub\derome\MRKT Tutorials (1)\Library\ScriptAssemblies\Microsoft.MixedReality.Toolkit.Async.dll
Symbol file LoadedFromMemory is not a mono symbol file
Symbol file data-000001C0C0EFA220 doesn't match image C:\GitHub\derome\MRKT Tutorials (1)\Library\ScriptAssemblies\Microsoft.MixedReality.Toolkit.Gltf.Importers.dll
Symbol file LoadedFromMemory is not a mono symbol file
Symbol file data-000001C27B86EC80 doesn't match image C:\GitHub\derome\MRKT Tutorials (1)\Library\ScriptAssemblies\Microsoft.MixedReality.Toolkit.SDK.Experimental.Editor.dll
Symbol file LoadedFromMemory is not a mono symbol file
Symbol file data-000001C27C14A620 doesn't match image C:\GitHub\derome\MRKT Tutorials (1)\Library\ScriptAssemblies\Microsoft.MixedReality.Toolkit.Editor.ServiceInspectors.dll
Symbol file LoadedFromMemory is not a mono symbol file
Symbol file data-000001C0C1C1E050 doesn't match image C:\GitHub\derome\MRKT Tutorials (1)\Library\ScriptAssemblies\Microsoft.MixedReality.Toolkit.StandardAssets.Editor.dll
Symbol file LoadedFromMemory is not a mono symbol file
Native extension for WindowsStandalone target not found
Native extension for WebGL target not found
Refreshing native plugins compatible for Editor in 69.81 ms, found 10 plugins.
Preloading 0 native plugins for Editor in 0.00 ms.
[XR] Error loading subsystem: Display (1) (header mismatch?)
[XR] [MROpenXR][Info   ][19:17:39.246935][tid:69b4] MeshProvider_RegisterLifecycleProvider
[XR] [MROpenXR][Info   ][19:17:39.247033][tid:69b4] InputProvider_RegisterLifeCycleProvider
[XR] [MROpenXR][Info   ][19:17:39.247763][tid:69b4] MicrosoftOpenXRPlugin_SetPluginEnvironment unityVersion=2020.3.18f1
[XR] [MROpenXR][Info   ][19:17:39.248333][tid:69b4] MicrosoftOpenXRPlugin_SetPluginEnvironment openXRPluginVersion=1.3.1
[XR] [MROpenXR][Info   ][19:17:39.248479][tid:69b4] MicrosoftOpenXRPlugin_SetPluginEnvironment mrOpenXRPluginVersion=1.2.1.0
[XR] [MROpenXR][Info   ][19:17:39.248556][tid:69b4] OnPluginStarted UnityVersion=2020.3.18f1 OpenXRPluginVersion=1.3.1 MROpenXRPluginVersion=1.2.1.0 PartA_PrivTags=33554432
Mono: successfully reloaded assembly
- Completed reload, in  3.639 seconds
Domain Reload Profiling:
	ReloadAssembly (3640ms)
		BeginReloadAssembly (141ms)
			ExecutionOrderSort (0ms)
			DisableScriptedObjects (4ms)
			BackupInstance (0ms)
			ReleaseScriptingObjects (0ms)
			CreateAndSetChildDomain (16ms)
		EndReloadAssembly (2794ms)
			LoadAssemblies (132ms)
			RebuildTransferFunctionScriptingTraits (0ms)
			SetupTypeCache (429ms)
			ReleaseScriptCaches (1ms)
			RebuildScriptCaches (149ms)
			SetupLoadedEditorAssemblies (1892ms)
				LogAssemblyErrors (0ms)
				InitializePlatformSupportModulesInManaged (4ms)
				SetLoadedEditorAssemblies (0ms)
				RefreshPlugins (70ms)
				BeforeProcessingInitializeOnLoad (122ms)
				ProcessInitializeOnLoadAttributes (984ms)
				ProcessInitializeOnLoadMethodAttributes (702ms)
				AfterProcessingInitializeOnLoad (9ms)
				EditorAssembliesLoaded (0ms)
			ExecutionOrderSort2 (0ms)
			AwakeInstancesAfterBackupRestoration (13ms)
Platform modules already initialized, skipping
========================================================================
Worker process is ready to serve import requests
Launched and connected shader compiler UnityShaderCompiler.exe after 0.07 seconds
Refreshing native plugins compatible for Editor in 0.99 ms, found 10 plugins.
Preloading 0 native plugins for Editor in 0.00 ms.
Unloading 3954 Unused Serialized files (Serialized files now loaded: 0)
System memory in use before: 185.4 MB.
System memory in use after: 185.0 MB.

Unloading 1770 unused Assets to reduce memory usage. Loaded Objects now: 4367.
Total: 7.747800 ms (FindLiveObjects: 0.466500 ms CreateObjectMapping: 1.525700 ms MarkObjects: 3.617000 ms  DeleteObjects: 2.137100 ms)

AssetImportParameters requested are different than current active one (requested -> active):
  custom:framework-win-MediaFoundation: 216162199b28c13a410421893ffa2e32 -> 
  custom:video-decoder-ogg-theora: a1e56fd34408186e4bbccfd4996cb3dc -> 
  custom:container-muxer-webm: aa71ff27fc2769a1b78a27578f13a17b -> 
  custom:container-demuxer-webm: 4f35f7cbe854078d1ac9338744f61a02 -> 
  custom:container-demuxer-ogg: 62fdf1f143b41e24485cea50d1cbac27 -> 
  custom:video-encoder-webm-vp8: eb34c28f22e8b96e1ab97ce403110664 -> 
  custom:video-decoder-webm-vp8: 9c59270c3fd7afecdb556c50c9e8de78 -> 
  custom:audio-decoder-ogg-vorbis: bf7c407c2cedff20999df2af8eb42d56 -> 
  custom:audio-encoder-webm-vorbis: bf7c407c2cedff20999df2af8eb42d56 -> 
========================================================================
Received Import Request.
  path: Assets/Script/sceneObject.cs
  artifactKey: Guid(a417c2e0bce6b2f4d89277bba4883bf8) Importer(815301076,1909f56bfc062723c751e8b465ee728b)
Start importing Assets/Script/sceneObject.cs using Guid(a417c2e0bce6b2f4d89277bba4883bf8) Importer(815301076,1909f56bfc062723c751e8b465ee728b)  -> (artifact id: 'e063dc32cbe0eadb2ee8e578caec422f') in 0.022760 seconds 
  Import took 0.028952 seconds .

========================================================================
Received Prepare
Registering precompiled user dll's ...
Registered in 0.013005 seconds.
Begin MonoManager ReloadAssembly
Symbol file data-000001C0C837A0D0 doesn't match image C:\GitHub\derome\MRKT Tutorials (1)\Library\ScriptAssemblies\Microsoft.MixedReality.Toolkit.Providers.XRSDK.Oculus.dll
Symbol file LoadedFromMemory is not a mono symbol file
Symbol file data-000001C27C0B6010 doesn't match image C:\GitHub\derome\MRKT Tutorials (1)\Library\ScriptAssemblies\Microsoft.MixedReality.Toolkit.Services.InputSystem.dll
Symbol file LoadedFromMemory is not a mono symbol file
Symbol file data-000001C0CA088500 doesn't match image C:\GitHub\derome\MRKT Tutorials (1)\Library\ScriptAssemblies\Microsoft.MixedReality.Toolkit.SDK.Editor.dll
Symbol file LoadedFromMemory is not a mono symbol file
Symbol file data-000001C0C13F40A0 doesn't match image C:\GitHub\derome\MRKT Tutorials (1)\Library\ScriptAssemblies\Microsoft.MixedReality.Toolkit.Providers.XRSDK.WindowsMixedReality.dll
Symbol file LoadedFromMemory is not a mono symbol file
Symbol file data-000001C27BF1FC30 doesn't match image C:\GitHub\derome\MRKT Tutorials (1)\Library\ScriptAssemblies\Microsoft.MixedReality.Toolkit.Gltf.dll
Symbol file LoadedFromMemory is not a mono symbol file
Symbol file data-000001C27C44C030 doesn't match image C:\GitHub\derome\MRKT Tutorials (1)\Library\ScriptAssemblies\Microsoft.MixedReality.Toolkit.Services.InputAnimation.dll
Symbol file LoadedFromMemory is not a mono symbol file
Symbol file data-000001C0C7A7C9E0 doesn't match image C:\GitHub\derome\MRKT Tutorials (1)\Library\ScriptAssemblies\Microsoft.MixedReality.Toolkit.Services.TeleportSystem.dll
Symbol file LoadedFromMemory is not a mono symbol file
Symbol file data-000001C0C13F40A0 doesn't match image C:\GitHub\derome\MRKT Tutorials (1)\Library\ScriptAssemblies\Microsoft.MixedReality.OpenXR.Editor.dll
Symbol file LoadedFromMemory is not a mono symbol file
Symbol file data-000001C0C0CE4020 doesn't match image C:\GitHub\derome\MRKT Tutorials (1)\Library\ScriptAssemblies\Microsoft.MixedReality.Toolkit.dll
Symbol file LoadedFromMemory is not a mono symbol file
Symbol file data-000001C27BF24040 doesn't match image C:\GitHub\derome\MRKT Tutorials (1)\Library\ScriptAssemblies\Microsoft.MixedReality.Toolkit.Services.InputSystem.Editor.dll
Symbol file LoadedFromMemory is not a mono symbol file
Symbol file data-000001C27C44C030 doesn't match image C:\GitHub\derome\MRKT Tutorials (1)\Library\ScriptAssemblies\Microsoft.MixedReality.Toolkit.Services.SceneSystem.dll
Symbol file LoadedFromMemory is not a mono symbol file
Symbol file data-000001C0C7A7C9E0 doesn't match image C:\GitHub\derome\MRKT Tutorials (1)\Library\ScriptAssemblies\Microsoft.MixedReality.Toolkit.Providers.XRSDK.Oculus.Handtracking.Editor.dll
Symbol file LoadedFromMemory is not a mono symbol file
Symbol file data-000001C0C09CE8B0 doesn't match image C:\GitHub\derome\MRKT Tutorials (1)\Library\ScriptAssemblies\Microsoft.MixedReality.Toolkit.SDK.Experimental.Editor.Interactive.dll
Symbol file LoadedFromMemory is not a mono symbol file
Symbol file data-000001C0C7947B90 doesn't match image C:\GitHub\derome\MRKT Tutorials (1)\Library\ScriptAssemblies\Microsoft.MixedReality.Toolkit.Providers.WindowsSceneUnderstanding.Editor.dll
Symbol file LoadedFromMemory is not a mono symbol file
Symbol file data-000001C276C9D9F0 doesn't match image C:\GitHub\derome\MRKT Tutorials (1)\Library\ScriptAssemblies\Microsoft.MixedReality.Toolkit.Providers.LeapMotion.Editor.dll
Symbol file LoadedFromMemory is not a mono symbol file
Symbol file data-000001C0C19F7010 doesn't match image C:\GitHub\derome\MRKT Tutorials (1)\Library\ScriptAssemblies\Microsoft.MixedReality.Toolkit.Editor.Utilities.dll
Symbol file LoadedFromMemory is not a mono symbol file
Symbol file data-000001C0C0539E70 doesn't match image C:\GitHub\derome\MRKT Tutorials (1)\Library\ScriptAssemblies\Microsoft.MixedReality.Toolkit.Services.InputSimulation.dll
Symbol file LoadedFromMemory is not a mono symbol file
Symbol file data-000001C27C2F7040 doesn't match image C:\GitHub\derome\MRKT Tutorials (1)\Library\ScriptAssemblies\Microsoft.MixedReality.Toolkit.Providers.WindowsSceneUnderstanding.dll
Symbol file LoadedFromMemory is not a mono symbol file
Symbol file data-000001C0C5611010 doesn't match image C:\GitHub\derome\MRKT Tutorials (1)\Library\ScriptAssemblies\Microsoft.MixedReality.Toolkit.Editor.Inspectors.dll
Symbol file LoadedFromMemory is not a mono symbol file
Symbol file data-000001C27C0B6010 doesn't match image C:\GitHub\derome\MRKT Tutorials (1)\Library\ScriptAssemblies\Microsoft.MixedReality.Toolkit.SDK.Experimental.Interactive.dll
Symbol file LoadedFromMemory is not a mono symbol file
Symbol file data-000001C0C6DE0120 doesn't match image C:\GitHub\derome\MRKT Tutorials (1)\Library\ScriptAssemblies\Microsoft.MixedReality.Toolkit.Providers.LeapMotion.dll
Symbol file LoadedFromMemory is not a mono symbol file
Symbol file data-000001C0C59A0080 doesn't match image C:\GitHub\derome\MRKT Tutorials (1)\Library\ScriptAssemblies\Microsoft.MixedReality.Toolkit.Providers.WindowsMixedReality.Shared.dll
Symbol file LoadedFromMemory is not a mono symbol file
Symbol file data-000001C0C1208010 doesn't match image C:\GitHub\derome\MRKT Tutorials (1)\Library\ScriptAssemblies\Microsoft.MixedReality.Toolkit.SDK.dll
Symbol file LoadedFromMemory is not a mono symbol file
Symbol file data-000001C0C05196B0 doesn't match image C:\GitHub\derome\MRKT Tutorials (1)\Library\ScriptAssemblies\Microsoft.MixedReality.Toolkit.Services.SpatialAwarenessSystem.dll
Symbol file LoadedFromMemory is not a mono symbol file
Symbol file data-000001C0C59A0080 doesn't match image C:\GitHub\derome\MRKT Tutorials (1)\Library\ScriptAssemblies\Microsoft.MixedReality.Toolkit.Providers.WindowsVoiceInput.dll
Symbol file LoadedFromMemory is not a mono symbol file
Symbol file data-000001C0C81DDEC0 doesn't match image C:\GitHub\derome\MRKT Tutorials (1)\Library\ScriptAssemblies\Microsoft.MixedReality.Toolkit.Services.CameraSystem.dll
Symbol file LoadedFromMemory is not a mono symbol file
Symbol file data-000001C0C6CE26A0 doesn't match image C:\GitHub\derome\MRKT Tutorials (1)\Library\ScriptAssemblies\Microsoft.MixedReality.Toolkit.Providers.OpenXR.dll
Symbol file LoadedFromMemory is not a mono symbol file
Symbol file data-000001C0C0C6B230 doesn't match image C:\GitHub\derome\MRKT Tutorials (1)\Library\ScriptAssemblies\Microsoft.MixedReality.Toolkit.Services.InputSimulation.Editor.dll
Symbol file LoadedFromMemory is not a mono symbol file
Symbol file data-000001C0C1F83020 doesn't match image C:\GitHub\derome\MRKT Tutorials (1)\Library\ScriptAssemblies\Microsoft.MixedReality.Toolkit.Editor.BuildAndDeploy.dll
Symbol file LoadedFromMemory is not a mono symbol file
Symbol file data-000001C27C09C810 doesn't match image C:\GitHub\derome\MRKT Tutorials (1)\Library\ScriptAssemblies\Microsoft.MixedReality.OpenXR.dll
Symbol file LoadedFromMemory is not a mono symbol file
Symbol file data-000001C0C4AD0020 doesn't match image C:\GitHub\derome\MRKT Tutorials (1)\Library\ScriptAssemblies\Microsoft.MixedReality.Toolkit.Providers.XRSDK.dll
Symbol file LoadedFromMemory is not a mono symbol file
Symbol file data-000001C27C0BC3E0 doesn't match image C:\GitHub\derome\MRKT Tutorials (1)\Library\ScriptAssemblies\Microsoft.MixedReality.Toolkit.Providers.ObjectMeshObserver.dll
Symbol file LoadedFromMemory is not a mono symbol file
Symbol file data-000001C0C893B160 doesn't match image C:\GitHub\derome\MRKT Tutorials (1)\Library\ScriptAssemblies\Microsoft.MixedReality.Toolkit.Providers.WindowsMixedReality.Editor.dll
Symbol file LoadedFromMemory is not a mono symbol file
Symbol file data-000001C0C9F642C0 doesn't match image C:\GitHub\derome\MRKT Tutorials (1)\Library\ScriptAssemblies\Microsoft.MixedReality.Toolkit.Editor.ClassExtensions.dll
Symbol file LoadedFromMemory is not a mono symbol file
Symbol file data-000001C0C9ABEE20 doesn't match image C:\GitHub\derome\MRKT Tutorials (1)\Library\ScriptAssemblies\Microsoft.MixedReality.Toolkit.Providers.UnityAR.dll
Symbol file LoadedFromMemory is not a mono symbol file
Symbol file data-000001C0C98D9F10 doesn't match image C:\GitHub\derome\MRKT Tutorials (1)\Library\ScriptAssemblies\Microsoft.MixedReality.Toolkit.Providers.UnityAR.Editor.dll
Symbol file LoadedFromMemory is not a mono symbol file
Symbol file data-000001C0C9E7E960 doesn't match image C:\GitHub\derome\MRKT Tutorials (1)\Library\ScriptAssemblies\MRTK.OpenXR.Editor.dll
Symbol file LoadedFromMemory is not a mono symbol file
Symbol file data-000001C0C4AD0020 doesn't match image C:\GitHub\derome\MRKT Tutorials (1)\Library\ScriptAssemblies\Microsoft.MixedReality.Toolkit.Services.DiagnosticsSystem.dll
Symbol file LoadedFromMemory is not a mono symbol file
Symbol file data-000001C0C0C6B230 doesn't match image C:\GitHub\derome\MRKT Tutorials (1)\Library\ScriptAssemblies\Microsoft.MixedReality.Toolkit.Async.dll
Symbol file LoadedFromMemory is not a mono symbol file
Symbol file data-000001C27C425750 doesn't match image C:\GitHub\derome\MRKT Tutorials (1)\Library\ScriptAssemblies\Microsoft.MixedReality.Toolkit.Gltf.Importers.dll
Symbol file LoadedFromMemory is not a mono symbol file
Symbol file data-000001C0C74DA9C0 doesn't match image C:\GitHub\derome\MRKT Tutorials (1)\Library\ScriptAssemblies\Microsoft.MixedReality.Toolkit.SDK.Experimental.Editor.dll
Symbol file LoadedFromMemory is not a mono symbol file
Symbol file data-000001C27BDABA00 doesn't match image C:\GitHub\derome\MRKT Tutorials (1)\Library\ScriptAssemblies\Microsoft.MixedReality.Toolkit.Editor.ServiceInspectors.dll
Symbol file LoadedFromMemory is not a mono symbol file
Symbol file data-000001C0C1C1E050 doesn't match image C:\GitHub\derome\MRKT Tutorials (1)\Library\ScriptAssemblies\Microsoft.MixedReality.Toolkit.StandardAssets.Editor.dll
Symbol file LoadedFromMemory is not a mono symbol file
Native extension for WindowsStandalone target not found
Native extension for WebGL target not found
Refreshing native plugins compatible for Editor in 1.37 ms, found 10 plugins.
Preloading 0 native plugins for Editor in 0.00 ms.
Error when attempting to update scene info fields. Scene info data may be stale.
UnityEngine.StackTraceUtility:ExtractStackTrace ()
UnityEngine.DebugLogHandler:LogFormat (UnityEngine.LogType,UnityEngine.Object,string,object[])
UnityEngine.Logger:Log (UnityEngine.LogType,object)
UnityEngine.Debug:LogWarning (object)
Microsoft.MixedReality.Toolkit.Editor.SceneInfoUtils:RefreshSceneInfoFieldsInScriptableObjects ()
Microsoft.MixedReality.Toolkit.Editor.SceneInfoUtils:InitializeOnLoad ()
System.Reflection.MonoMethod:Invoke (object,System.Reflection.BindingFlags,System.Reflection.Binder,object[],System.Globalization.CultureInfo)
System.Reflection.MethodBase:Invoke (object,object[])
UnityEditor.EditorAssemblies:ProcessInitializeOnLoadMethodAttributes ()

[XR] [MROpenXR][Info   ][19:18:19.171922][tid:69b4] MicrosoftOpenXRPlugin_SetPluginEnvironment unityVersion=2020.3.18f1
[XR] [MROpenXR][Info   ][19:18:19.172731][tid:69b4] MicrosoftOpenXRPlugin_SetPluginEnvironment openXRPluginVersion=1.3.1
[XR] [MROpenXR][Info   ][19:18:19.172803][tid:69b4] MicrosoftOpenXRPlugin_SetPluginEnvironment mrOpenXRPluginVersion=1.2.1.0
[XR] [MROpenXR][Info   ][19:18:19.172885][tid:69b4] OnPluginStarted UnityVersion=2020.3.18f1 OpenXRPluginVersion=1.3.1 MROpenXRPluginVersion=1.2.1.0 PartA_PrivTags=33554432
Mono: successfully reloaded assembly
- Completed reload, in  2.119 seconds
Domain Reload Profiling:
	ReloadAssembly (2119ms)
		BeginReloadAssembly (130ms)
			ExecutionOrderSort (0ms)
			DisableScriptedObjects (4ms)
			BackupInstance (0ms)
			ReleaseScriptingObjects (0ms)
			CreateAndSetChildDomain (42ms)
		EndReloadAssembly (1922ms)
			LoadAssemblies (108ms)
			RebuildTransferFunctionScriptingTraits (0ms)
			SetupTypeCache (554ms)
			ReleaseScriptCaches (1ms)
			RebuildScriptCaches (49ms)
			SetupLoadedEditorAssemblies (1008ms)
				LogAssemblyErrors (0ms)
				InitializePlatformSupportModulesInManaged (11ms)
				SetLoadedEditorAssemblies (0ms)
				RefreshPlugins (1ms)
				BeforeProcessingInitializeOnLoad (115ms)
				ProcessInitializeOnLoadAttributes (607ms)
				ProcessInitializeOnLoadMethodAttributes (263ms)
				AfterProcessingInitializeOnLoad (10ms)
				EditorAssembliesLoaded (0ms)
			ExecutionOrderSort2 (0ms)
			AwakeInstancesAfterBackupRestoration (26ms)
Platform modules already initialized, skipping
Switching build target platform(19) subTarget(0) extendedPlatform(0) -> platform(21) subTarget(3) extendedPlatform(0)
Refreshing native plugins compatible for Editor in 1.23 ms, found 10 plugins.
Preloading 0 native plugins for Editor in 0.00 ms.
Unloading 3829 Unused Serialized files (Serialized files now loaded: 0)
System memory in use before: 177.0 MB.
System memory in use after: 176.5 MB.

Unloading 1311 unused Assets to reduce memory usage. Loaded Objects now: 4370.
Total: 9.178800 ms (FindLiveObjects: 0.608600 ms CreateObjectMapping: 0.377300 ms MarkObjects: 5.419700 ms  DeleteObjects: 2.771600 ms)

AssetImportParameters requested are different than current active one (requested -> active):
  custom:framework-win-MediaFoundation: 216162199b28c13a410421893ffa2e32 -> 
  custom:video-decoder-ogg-theora: a1e56fd34408186e4bbccfd4996cb3dc -> 
  custom:container-muxer-webm: aa71ff27fc2769a1b78a27578f13a17b -> 
  custom:container-demuxer-webm: 4f35f7cbe854078d1ac9338744f61a02 -> 
  custom:container-demuxer-ogg: 62fdf1f143b41e24485cea50d1cbac27 -> 
  custom:video-encoder-webm-vp8: eb34c28f22e8b96e1ab97ce403110664 -> 
  custom:video-decoder-webm-vp8: 9c59270c3fd7afecdb556c50c9e8de78 -> 
  custom:audio-decoder-ogg-vorbis: bf7c407c2cedff20999df2af8eb42d56 -> 
  custom:audio-encoder-webm-vorbis: bf7c407c2cedff20999df2af8eb42d56 -> 
========================================================================
Received Import Request.
  Time since last request: 39.686957 seconds.
  path: Assets/Script/sceneObject.cs
  artifactKey: Guid(a417c2e0bce6b2f4d89277bba4883bf8) Importer(815301076,1909f56bfc062723c751e8b465ee728b)
Start importing Assets/Script/sceneObject.cs using Guid(a417c2e0bce6b2f4d89277bba4883bf8) Importer(815301076,1909f56bfc062723c751e8b465ee728b)  -> (artifact id: 'bd8efd7de6397579ea7e9a1f21370f07') in 0.006130 seconds 
  Import took 0.013276 seconds .

========================================================================
Received Prepare
Refreshing native plugins compatible for Editor in 8.00 ms, found 10 plugins.
Preloading 0 native plugins for Editor in 0.00 ms.
Unloading 29 Unused Serialized files (Serialized files now loaded: 0)
System memory in use before: 97.0 MB.
System memory in use after: 97.3 MB.

Unloading 29 unused Assets to reduce memory usage. Loaded Objects now: 4370.
Total: 3.516800 ms (FindLiveObjects: 0.320300 ms CreateObjectMapping: 0.193900 ms MarkObjects: 2.983100 ms  DeleteObjects: 0.018400 ms)

AssetImportParameters requested are different than current active one (requested -> active):
  custom:framework-win-MediaFoundation: 216162199b28c13a410421893ffa2e32 -> 
  custom:video-decoder-ogg-theora: a1e56fd34408186e4bbccfd4996cb3dc -> 
  custom:container-muxer-webm: aa71ff27fc2769a1b78a27578f13a17b -> 
  custom:container-demuxer-webm: 4f35f7cbe854078d1ac9338744f61a02 -> 
  custom:container-demuxer-ogg: 62fdf1f143b41e24485cea50d1cbac27 -> 
  custom:video-encoder-webm-vp8: eb34c28f22e8b96e1ab97ce403110664 -> 
  custom:video-decoder-webm-vp8: 9c59270c3fd7afecdb556c50c9e8de78 -> 
  custom:audio-decoder-ogg-vorbis: bf7c407c2cedff20999df2af8eb42d56 -> 
  custom:audio-encoder-webm-vorbis: bf7c407c2cedff20999df2af8eb42d56 -> 
